<?xml version="1.0" encoding="UTF-8"?>
<testsuite xmlns:xsi="http://www.w3.org/2001/XMLSchema-instance" xsi:noNamespaceSchemaLocation="https://maven.apache.org/surefire/maven-surefire-plugin/xsd/surefire-test-report.xsd" version="3.0.2" name="sg.edu.nus.empdemo.repository.CourseRepositoryTest" time="0.661" tests="6" errors="0" skipped="0" failures="0" flakes="0">
  <properties>
[...]
</properties>
  <testcase name="shouldFindCoursesByEmployeeId" classname="sg.edu.nus.empdemo.repository.CourseRepositoryTest" time="0.201">
    <system-out><![CDATA[2026-08-22T16:49:34.981+08:00  INFO 140636 --- [3-JPA_Workshop] [           main] t.c.s.AnnotationConfigContextLoaderUtils : Could not detect default configuration classes for test class [sg.edu.nus.empdemo.repository.CourseRepositoryTest]: CourseRepositoryTest does not declare any static, non-private, non-final, nested classes annotated with @Configuration.
2026-08-22T16:49:35.015+08:00  INFO 140636 --- [3-JPA_Workshop] [           main] .b.t.c.SpringBootTestContextBootstrapper : Found @SpringBootConfiguration sg.edu.nus.empdemo.Application for test class sg.edu.nus.empdemo.repository.CourseRepositoryTest
2026-08-22T16:49:35.017+08:00  INFO 140636 --- [3-JPA_Workshop] [           main] t.c.s.AnnotationConfigContextLoaderUtils : Could not detect default configuration classes for test class [sg.edu.nus.empdemo.repository.CourseRepositoryTest]: CourseRepositoryTest does not declare any static, non-private, non-final, nested classes annotated with @Configuration.
2026-08-22T16:49:35.028+08:00  INFO 140636 --- [3-JPA_Workshop] [           main] .b.t.c.SpringBootTestContextBootstrapper : Found @SpringBootConfiguration sg.edu.nus.empdemo.Application for test class sg.edu.nus.empdemo.repository.CourseRepositoryTest
2026-08-22T16:49:35.033+08:00  INFO 140636 --- [3-JPA_Workshop] [           main] o.s.b.d.r.RestartApplicationListener     : Restart disabled due to context in which it is running

  .   ____          _            __ _ _
 /\\ / ___'_ __ _ _(_)_ __  __ _ \ \ \ \
( ( )\___ | '_ | '_| | '_ \/ _` | \ \ \ \
 \\/  ___)| |_)| | | | | || (_| |  ) ) ) )
  '  |____| .__|_| |_|_| |_\__, | / / / /
 =========|_|==============|___/=/_/_/_/

 :: Spring Boot ::                (v4.1.1)

2026-08-22T16:49:35.062+08:00  INFO 140636 --- [3-JPA_Workshop] [           main] s.e.n.e.repository.CourseRepositoryTest  : Starting CourseRepositoryTest using Java 21.0.8 with PID 140636 (started by steve in C:\Project_Workspace\3-JPA_Workshop)
2026-08-22T16:49:35.063+08:00  INFO 140636 --- [3-JPA_Workshop] [           main] s.e.n.e.repository.CourseRepositoryTest  : No active profile set, falling back to 1 default profile: "default"
2026-08-22T16:49:35.114+08:00  INFO 140636 --- [3-JPA_Workshop] [           main] .s.d.r.c.RepositoryConfigurationDelegate : Bootstrapping Spring Data JPA repositories in DEFAULT mode.
2026-08-22T16:49:35.121+08:00  INFO 140636 --- [3-JPA_Workshop] [           main] .s.d.r.c.RepositoryConfigurationDelegate : Finished Spring Data repository scanning in 5 ms. Found 4 JPA repository interfaces.
2026-08-22T16:49:35.134+08:00  INFO 140636 --- [3-JPA_Workshop] [           main] beddedDataSourceBeanFactoryPostProcessor : Replacing 'dataSource' DataSource bean with embedded version
2026-08-22T16:49:35.156+08:00  INFO 140636 --- [3-JPA_Workshop] [           main] o.s.j.d.e.EmbeddedDatabaseFactory        : Starting embedded database: url='jdbc:h2:mem:369a13f9-4e44-4a0a-92f4-124149d59d1f;DB_CLOSE_DELAY=-1;DB_CLOSE_ON_EXIT=false', username='sa'
2026-08-22T16:49:35.177+08:00  INFO 140636 --- [3-JPA_Workshop] [           main] org.hibernate.orm.jpa                    : HHH008540: Processing PersistenceUnitInfo [name: default]
2026-08-22T16:49:35.195+08:00  INFO 140636 --- [3-JPA_Workshop] [           main] o.s.o.j.p.SpringPersistenceUnitInfo      : No LoadTimeWeaver setup: ignoring JPA class transformer
2026-08-22T16:49:35.197+08:00  INFO 140636 --- [3-JPA_Workshop] [           main] org.hibernate.orm.connections.pooling    : HHH10001005: Database info:
	Database JDBC URL [jdbc:h2:mem:369a13f9-4e44-4a0a-92f4-124149d59d1f]
	Database driver: H2 JDBC Driver
	Database dialect: H2Dialect
	Database version: 2.4.240
	Default catalog/schema: 369A13F9-4E44-4A0A-92F4-124149D59D1F/PUBLIC
	Autocommit mode: undefined/unknown
	Isolation level: READ_COMMITTED [default READ_COMMITTED]
	JDBC fetch size: 100
	Pool: DataSourceConnectionProvider
	Minimum pool size: undefined/unknown
	Maximum pool size: undefined/unknown
2026-08-22T16:49:35.242+08:00  INFO 140636 --- [3-JPA_Workshop] [           main] org.hibernate.orm.core                   : HHH000489: No JTA platform available (set 'hibernate.transaction.jta.platform' to enable JTA platform integration)
Hibernate: drop table if exists courses cascade 
Hibernate: drop table if exists departments cascade 
Hibernate: drop table if exists employee_projects cascade 
Hibernate: drop table if exists employees cascade 
Hibernate: drop table if exists projects cascade 
Hibernate: create table courses (duration_in_months float(53), starts date, employee_id bigint, id bigint generated by default as identity, name varchar(255), primary key (id))
Hibernate: create table departments (id bigint generated by default as identity, name varchar(255), primary key (id))
Hibernate: create table employee_projects (employee_id bigint not null, project_id bigint not null, primary key (employee_id, project_id))
Hibernate: create table employees (department_id bigint unique, id bigint generated by default as identity, name varchar(255), primary key (id))
Hibernate: create table projects (end_date date, start_date date, id bigint generated by default as identity, description varchar(255), name varchar(255), primary key (id))
Hibernate: alter table if exists courses add constraint FKt9ivrpsdx0yt1ejheupli690l foreign key (employee_id) references employees
Hibernate: alter table if exists employee_projects add constraint FKnxw95o16xcyxe3qaiy1tyarnc foreign key (project_id) references projects
Hibernate: alter table if exists employee_projects add constraint FK5qvhtbabqqm0eko03y1edw0ov foreign key (employee_id) references employees
Hibernate: alter table if exists employees add constraint FKgy4qe3dnqrm3ktd76sxp7n4c2 foreign key (department_id) references departments
2026-08-22T16:49:35.255+08:00  INFO 140636 --- [3-JPA_Workshop] [           main] j.LocalContainerEntityManagerFactoryBean : Initialized JPA EntityManagerFactory for persistence unit 'default'
2026-08-22T16:49:35.339+08:00  INFO 140636 --- [3-JPA_Workshop] [           main] s.e.n.e.repository.CourseRepositoryTest  : Started CourseRepositoryTest in 0.307 seconds (process running for 6.399)
Hibernate: insert into employees (department_id,name,id) values (?,?,default)
Hibernate: insert into courses (duration_in_months,employee_id,name,starts,id) values (?,?,?,?,default)
Hibernate: insert into courses (duration_in_months,employee_id,name,starts,id) values (?,?,?,?,default)
Hibernate: insert into employees (department_id,name,id) values (?,?,default)
Hibernate: insert into courses (duration_in_months,employee_id,name,starts,id) values (?,?,?,?,default)
Hibernate: select c1_0.id,c1_0.duration_in_months,c1_0.employee_id,c1_0.name,c1_0.starts from courses c1_0 where c1_0.employee_id=?
]]></system-out>
  </testcase>
  <testcase name="shouldFindCourseByPartialNameIgnoringCase" classname="sg.edu.nus.empdemo.repository.CourseRepositoryTest" time="0.023">
    <system-out><![CDATA[Hibernate: insert into employees (department_id,name,id) values (?,?,default)
Hibernate: insert into courses (duration_in_months,employee_id,name,starts,id) values (?,?,?,?,default)
Hibernate: insert into courses (duration_in_months,employee_id,name,starts,id) values (?,?,?,?,default)
Hibernate: insert into employees (department_id,name,id) values (?,?,default)
Hibernate: insert into courses (duration_in_months,employee_id,name,starts,id) values (?,?,?,?,default)
Hibernate: select c1_0.id,c1_0.duration_in_months,c1_0.employee_id,c1_0.name,c1_0.starts from courses c1_0 where upper(c1_0.name) like upper(?) escape '\'
]]></system-out>
  </testcase>
  <testcase name="shouldFindCoursesByMaximumDuration" classname="sg.edu.nus.empdemo.repository.CourseRepositoryTest" time="0.011">
    <system-out><![CDATA[Hibernate: insert into employees (department_id,name,id) values (?,?,default)
Hibernate: insert into courses (duration_in_months,employee_id,name,starts,id) values (?,?,?,?,default)
Hibernate: insert into courses (duration_in_months,employee_id,name,starts,id) values (?,?,?,?,default)
Hibernate: insert into employees (department_id,name,id) values (?,?,default)
Hibernate: insert into courses (duration_in_months,employee_id,name,starts,id) values (?,?,?,?,default)
Hibernate: select c1_0.id,c1_0.duration_in_months,c1_0.employee_id,c1_0.name,c1_0.starts from courses c1_0 where c1_0.duration_in_months<=?
]]></system-out>
  </testcase>
  <testcase name="shouldFindCoursesByEmployeeAndStartDate" classname="sg.edu.nus.empdemo.repository.CourseRepositoryTest" time="0.021">
    <system-out><![CDATA[Hibernate: insert into employees (department_id,name,id) values (?,?,default)
Hibernate: insert into courses (duration_in_months,employee_id,name,starts,id) values (?,?,?,?,default)
Hibernate: insert into courses (duration_in_months,employee_id,name,starts,id) values (?,?,?,?,default)
Hibernate: insert into employees (department_id,name,id) values (?,?,default)
Hibernate: insert into courses (duration_in_months,employee_id,name,starts,id) values (?,?,?,?,default)
Hibernate: select c1_0.id,c1_0.duration_in_months,c1_0.employee_id,c1_0.name,c1_0.starts from courses c1_0 where c1_0.employee_id=? and c1_0.starts>?
]]></system-out>
  </testcase>
  <testcase name="shouldFindCoursesStartingAfterDate" classname="sg.edu.nus.empdemo.repository.CourseRepositoryTest" time="0.011">
    <system-out><![CDATA[Hibernate: insert into employees (department_id,name,id) values (?,?,default)
Hibernate: insert into courses (duration_in_months,employee_id,name,starts,id) values (?,?,?,?,default)
Hibernate: insert into courses (duration_in_months,employee_id,name,starts,id) values (?,?,?,?,default)
Hibernate: insert into employees (department_id,name,id) values (?,?,default)
Hibernate: insert into courses (duration_in_months,employee_id,name,starts,id) values (?,?,?,?,default)
Hibernate: select c1_0.id,c1_0.duration_in_months,c1_0.employee_id,c1_0.name,c1_0.starts from courses c1_0 where c1_0.starts>?
]]></system-out>
  </testcase>
  <testcase name="shouldFetchCourseWithEmployee" classname="sg.edu.nus.empdemo.repository.CourseRepositoryTest" time="0.022">
    <system-out><![CDATA[Hibernate: insert into employees (department_id,name,id) values (?,?,default)
Hibernate: insert into courses (duration_in_months,employee_id,name,starts,id) values (?,?,?,?,default)
Hibernate: insert into courses (duration_in_months,employee_id,name,starts,id) values (?,?,?,?,default)
Hibernate: insert into employees (department_id,name,id) values (?,?,default)
Hibernate: insert into courses (duration_in_months,employee_id,name,starts,id) values (?,?,?,?,default)
Hibernate: select c1_0.id,c1_0.duration_in_months,e1_0.id,e1_0.department_id,e1_0.name,c1_0.name,c1_0.starts from courses c1_0 left join employees e1_0 on e1_0.id=c1_0.employee_id where c1_0.id=?
]]></system-out>
  </testcase>
</testsuite>