<?xml version="1.0" encoding="UTF-8"?>
<testsuite xmlns:xsi="http://www.w3.org/2001/XMLSchema-instance" xsi:noNamespaceSchemaLocation="https://maven.apache.org/surefire/maven-surefire-plugin/xsd/surefire-test-report.xsd" version="3.0.2" name="sg.edu.nus.empdemo.repository.EmployeeRepositoryTest" time="0.121" tests="6" errors="0" skipped="0" failures="0" flakes="0">
  <properties>
[...]
</properties>
  <testcase name="shouldFetchEmployeeWithProjects" classname="sg.edu.nus.empdemo.repository.EmployeeRepositoryTest" time="0.021">
    <system-out><![CDATA[2026-08-22T16:49:35.730+08:00  INFO 140636 --- [3-JPA_Workshop] [           main] t.c.s.AnnotationConfigContextLoaderUtils : Could not detect default configuration classes for test class [sg.edu.nus.empdemo.repository.EmployeeRepositoryTest]: EmployeeRepositoryTest does not declare any static, non-private, non-final, nested classes annotated with @Configuration.
2026-08-22T16:49:35.738+08:00  INFO 140636 --- [3-JPA_Workshop] [           main] .b.t.c.SpringBootTestContextBootstrapper : Found @SpringBootConfiguration sg.edu.nus.empdemo.Application for test class sg.edu.nus.empdemo.repository.EmployeeRepositoryTest
2026-08-22T16:49:35.738+08:00  INFO 140636 --- [3-JPA_Workshop] [           main] t.c.s.AnnotationConfigContextLoaderUtils : Could not detect default configuration classes for test class [sg.edu.nus.empdemo.repository.EmployeeRepositoryTest]: EmployeeRepositoryTest does not declare any static, non-private, non-final, nested classes annotated with @Configuration.
2026-08-22T16:49:35.742+08:00  INFO 140636 --- [3-JPA_Workshop] [           main] .b.t.c.SpringBootTestContextBootstrapper : Found @SpringBootConfiguration sg.edu.nus.empdemo.Application for test class sg.edu.nus.empdemo.repository.EmployeeRepositoryTest
Hibernate: insert into departments (name,id) values (?,default)
Hibernate: insert into departments (name,id) values (?,default)
Hibernate: insert into employees (department_id,name,id) values (?,?,default)
Hibernate: insert into courses (duration_in_months,employee_id,name,starts,id) values (?,?,?,?,default)
Hibernate: insert into courses (duration_in_months,employee_id,name,starts,id) values (?,?,?,?,default)
Hibernate: insert into projects (description,end_date,name,start_date,id) values (?,?,?,?,default)
Hibernate: insert into projects (description,end_date,name,start_date,id) values (?,?,?,?,default)
Hibernate: insert into employees (department_id,name,id) values (?,?,default)
Hibernate: insert into employee_projects (employee_id,project_id) values (?,?)
Hibernate: insert into employee_projects (employee_id,project_id) values (?,?)
Hibernate: insert into employee_projects (employee_id,project_id) values (?,?)
Hibernate: select distinct e1_0.id,e1_0.department_id,e1_0.name,p1_0.employee_id,p1_1.id,p1_1.description,p1_1.end_date,p1_1.name,p1_1.start_date from employees e1_0 left join employee_projects p1_0 on e1_0.id=p1_0.employee_id left join projects p1_1 on p1_1.id=p1_0.project_id where e1_0.id=?
]]></system-out>
  </testcase>
  <testcase name="shouldFindEmployeeByPartialNameIgnoringCase" classname="sg.edu.nus.empdemo.repository.EmployeeRepositoryTest" time="0.011">
    <system-out><![CDATA[Hibernate: insert into departments (name,id) values (?,default)
Hibernate: insert into departments (name,id) values (?,default)
Hibernate: insert into employees (department_id,name,id) values (?,?,default)
Hibernate: insert into courses (duration_in_months,employee_id,name,starts,id) values (?,?,?,?,default)
Hibernate: insert into courses (duration_in_months,employee_id,name,starts,id) values (?,?,?,?,default)
Hibernate: insert into projects (description,end_date,name,start_date,id) values (?,?,?,?,default)
Hibernate: insert into projects (description,end_date,name,start_date,id) values (?,?,?,?,default)
Hibernate: insert into employees (department_id,name,id) values (?,?,default)
Hibernate: insert into employee_projects (employee_id,project_id) values (?,?)
Hibernate: insert into employee_projects (employee_id,project_id) values (?,?)
Hibernate: insert into employee_projects (employee_id,project_id) values (?,?)
Hibernate: select e1_0.id,e1_0.department_id,e1_0.name from employees e1_0 where upper(e1_0.name) like upper(?) escape '\'
]]></system-out>
  </testcase>
  <testcase name="shouldFindEmployeeByDepartmentId" classname="sg.edu.nus.empdemo.repository.EmployeeRepositoryTest" time="0.013">
    <system-out><![CDATA[Hibernate: insert into departments (name,id) values (?,default)
Hibernate: insert into departments (name,id) values (?,default)
Hibernate: insert into employees (department_id,name,id) values (?,?,default)
Hibernate: insert into courses (duration_in_months,employee_id,name,starts,id) values (?,?,?,?,default)
Hibernate: insert into courses (duration_in_months,employee_id,name,starts,id) values (?,?,?,?,default)
Hibernate: insert into projects (description,end_date,name,start_date,id) values (?,?,?,?,default)
Hibernate: insert into projects (description,end_date,name,start_date,id) values (?,?,?,?,default)
Hibernate: insert into employees (department_id,name,id) values (?,?,default)
Hibernate: insert into employee_projects (employee_id,project_id) values (?,?)
Hibernate: insert into employee_projects (employee_id,project_id) values (?,?)
Hibernate: insert into employee_projects (employee_id,project_id) values (?,?)
Hibernate: select e1_0.id,e1_0.department_id,e1_0.name from employees e1_0 where e1_0.department_id=?
]]></system-out>
  </testcase>
  <testcase name="shouldFindEmployeesByProjectId" classname="sg.edu.nus.empdemo.repository.EmployeeRepositoryTest" time="0.017">
    <system-out><![CDATA[Hibernate: insert into departments (name,id) values (?,default)
Hibernate: insert into departments (name,id) values (?,default)
Hibernate: insert into employees (department_id,name,id) values (?,?,default)
Hibernate: insert into courses (duration_in_months,employee_id,name,starts,id) values (?,?,?,?,default)
Hibernate: insert into courses (duration_in_months,employee_id,name,starts,id) values (?,?,?,?,default)
Hibernate: insert into projects (description,end_date,name,start_date,id) values (?,?,?,?,default)
Hibernate: insert into projects (description,end_date,name,start_date,id) values (?,?,?,?,default)
Hibernate: insert into employees (department_id,name,id) values (?,?,default)
Hibernate: insert into employee_projects (employee_id,project_id) values (?,?)
Hibernate: insert into employee_projects (employee_id,project_id) values (?,?)
Hibernate: insert into employee_projects (employee_id,project_id) values (?,?)
Hibernate: select e1_0.id,e1_0.department_id,e1_0.name from employees e1_0 left join employee_projects p1_0 on e1_0.id=p1_0.employee_id where p1_0.project_id=?
]]></system-out>
  </testcase>
  <testcase name="shouldFetchEmployeeWithDepartment" classname="sg.edu.nus.empdemo.repository.EmployeeRepositoryTest" time="0.015">
    <system-out><![CDATA[Hibernate: insert into departments (name,id) values (?,default)
Hibernate: insert into departments (name,id) values (?,default)
Hibernate: insert into employees (department_id,name,id) values (?,?,default)
Hibernate: insert into courses (duration_in_months,employee_id,name,starts,id) values (?,?,?,?,default)
Hibernate: insert into courses (duration_in_months,employee_id,name,starts,id) values (?,?,?,?,default)
Hibernate: insert into projects (description,end_date,name,start_date,id) values (?,?,?,?,default)
Hibernate: insert into projects (description,end_date,name,start_date,id) values (?,?,?,?,default)
Hibernate: insert into employees (department_id,name,id) values (?,?,default)
Hibernate: insert into employee_projects (employee_id,project_id) values (?,?)
Hibernate: insert into employee_projects (employee_id,project_id) values (?,?)
Hibernate: insert into employee_projects (employee_id,project_id) values (?,?)
Hibernate: select e1_0.id,d1_0.id,d1_0.name,e1_0.name from employees e1_0 left join departments d1_0 on d1_0.id=e1_0.department_id where e1_0.id=?
]]></system-out>
  </testcase>
  <testcase name="shouldFetchEmployeeWithCourses" classname="sg.edu.nus.empdemo.repository.EmployeeRepositoryTest" time="0.016">
    <system-out><![CDATA[Hibernate: insert into departments (name,id) values (?,default)
Hibernate: insert into departments (name,id) values (?,default)
Hibernate: insert into employees (department_id,name,id) values (?,?,default)
Hibernate: insert into courses (duration_in_months,employee_id,name,starts,id) values (?,?,?,?,default)
Hibernate: insert into courses (duration_in_months,employee_id,name,starts,id) values (?,?,?,?,default)
Hibernate: insert into projects (description,end_date,name,start_date,id) values (?,?,?,?,default)
Hibernate: insert into projects (description,end_date,name,start_date,id) values (?,?,?,?,default)
Hibernate: insert into employees (department_id,name,id) values (?,?,default)
Hibernate: insert into employee_projects (employee_id,project_id) values (?,?)
Hibernate: insert into employee_projects (employee_id,project_id) values (?,?)
Hibernate: insert into employee_projects (employee_id,project_id) values (?,?)
Hibernate: select distinct e1_0.id,c1_0.employee_id,c1_0.id,c1_0.duration_in_months,c1_0.name,c1_0.starts,e1_0.department_id,e1_0.name from employees e1_0 left join courses c1_0 on e1_0.id=c1_0.employee_id where e1_0.id=?
]]></system-out>
  </testcase>
</testsuite>