<?xml version="1.0" encoding="UTF-8"?>
<testsuite xmlns:xsi="http://www.w3.org/2001/XMLSchema-instance" xsi:noNamespaceSchemaLocation="https://maven.apache.org/surefire/maven-surefire-plugin/xsd/surefire-test-report.xsd" version="3.0.2" name="sg.edu.nus.empdemo.ApplicationTests" time="5.452" tests="1" errors="0" skipped="0" failures="0" flakes="0">
  <properties>
[...]
</properties>
  <testcase name="contextLoads" classname="sg.edu.nus.empdemo.ApplicationTests" time="0.33">
    <system-out><![CDATA[16:49:29.739 [main] INFO org.springframework.test.context.support.AnnotationConfigContextLoaderUtils -- Could not detect default configuration classes for test class [sg.edu.nus.empdemo.ApplicationTests]: ApplicationTests does not declare any static, non-private, non-final, nested classes annotated with @Configuration.
16:49:29.812 [main] INFO org.springframework.boot.test.context.SpringBootTestContextBootstrapper -- Found @SpringBootConfiguration sg.edu.nus.empdemo.Application for test class sg.edu.nus.empdemo.ApplicationTests
16:49:29.863 [main] INFO org.springframework.test.context.support.AnnotationConfigContextLoaderUtils -- Could not detect default configuration classes for test class [sg.edu.nus.empdemo.ApplicationTests]: ApplicationTests does not declare any static, non-private, non-final, nested classes annotated with @Configuration.
16:49:29.865 [main] INFO org.springframework.boot.test.context.SpringBootTestContextBootstrapper -- Found @SpringBootConfiguration sg.edu.nus.empdemo.Application for test class sg.edu.nus.empdemo.ApplicationTests
16:49:29.914 [main] INFO org.springframework.boot.devtools.restart.RestartApplicationListener -- Restart disabled due to context in which it is running

  .   ____          _            __ _ _
 /\\ / ___'_ __ _ _(_)_ __  __ _ \ \ \ \
( ( )\___ | '_ | '_| | '_ \/ _` | \ \ \ \
 \\/  ___)| |_)| | | | | || (_| |  ) ) ) )
  '  |____| .__|_| |_|_| |_\__, | / / / /
 =========|_|==============|___/=/_/_/_/

 :: Spring Boot ::                (v4.1.1)

2026-08-22T16:49:30.149+08:00  INFO 140636 --- [3-JPA_Workshop] [           main] sg.edu.nus.empdemo.ApplicationTests      : Starting ApplicationTests using Java 21.0.8 with PID 140636 (started by steve in C:\Project_Workspace\3-JPA_Workshop)
2026-08-22T16:49:30.151+08:00  INFO 140636 --- [3-JPA_Workshop] [           main] sg.edu.nus.empdemo.ApplicationTests      : No active profile set, falling back to 1 default profile: "default"
2026-08-22T16:49:30.770+08:00  INFO 140636 --- [3-JPA_Workshop] [           main] .s.d.r.c.RepositoryConfigurationDelegate : Bootstrapping Spring Data JPA repositories in DEFAULT mode.
2026-08-22T16:49:30.809+08:00  INFO 140636 --- [3-JPA_Workshop] [           main] .s.d.r.c.RepositoryConfigurationDelegate : Finished Spring Data repository scanning in 32 ms. Found 4 JPA repository interfaces.
2026-08-22T16:49:31.271+08:00  INFO 140636 --- [3-JPA_Workshop] [           main] com.zaxxer.hikari.HikariDataSource       : HikariPool-1 - Starting...
2026-08-22T16:49:31.407+08:00  INFO 140636 --- [3-JPA_Workshop] [           main] com.zaxxer.hikari.pool.HikariPool        : HikariPool-1 - Added connection conn0: url=jdbc:h2:mem:f5b0c703-d612-4b80-8e9b-cb5ffbe776d3 user=SA
2026-08-22T16:49:31.408+08:00  INFO 140636 --- [3-JPA_Workshop] [           main] com.zaxxer.hikari.HikariDataSource       : HikariPool-1 - Start completed.
2026-08-22T16:49:31.442+08:00  INFO 140636 --- [3-JPA_Workshop] [           main] org.hibernate.orm.jpa                    : HHH008540: Processing PersistenceUnitInfo [name: default]
2026-08-22T16:49:31.493+08:00  INFO 140636 --- [3-JPA_Workshop] [           main] org.hibernate.orm.core                   : HHH000001: Hibernate ORM core version 7.4.5.Final
2026-08-22T16:49:31.901+08:00  INFO 140636 --- [3-JPA_Workshop] [           main] o.s.o.j.p.SpringPersistenceUnitInfo      : No LoadTimeWeaver setup: ignoring JPA class transformer
2026-08-22T16:49:31.963+08:00  INFO 140636 --- [3-JPA_Workshop] [           main] org.hibernate.orm.connections.pooling    : HHH10001005: Database info:
	Database JDBC URL [jdbc:h2:mem:f5b0c703-d612-4b80-8e9b-cb5ffbe776d3]
	Database driver: H2 JDBC Driver
	Database dialect: H2Dialect
	Database version: 2.4.240
	Default catalog/schema: F5B0C703-D612-4B80-8E9B-CB5FFBE776D3/PUBLIC
	Autocommit mode: undefined/unknown
	Isolation level: READ_COMMITTED [default READ_COMMITTED]
	JDBC fetch size: 100
	Pool: DataSourceConnectionProvider
	Minimum pool size: undefined/unknown
	Maximum pool size: undefined/unknown
2026-08-22T16:49:32.600+08:00  INFO 140636 --- [3-JPA_Workshop] [           main] org.hibernate.orm.core                   : HHH000489: No JTA platform available (set 'hibernate.transaction.jta.platform' to enable JTA platform integration)
2026-08-22T16:49:32.645+08:00  INFO 140636 --- [3-JPA_Workshop] [           main] j.LocalContainerEntityManagerFactoryBean : Initialized JPA EntityManagerFactory for persistence unit 'default'
2026-08-22T16:49:32.748+08:00  WARN 140636 --- [3-JPA_Workshop] [           main] JpaBaseConfiguration$JpaWebConfiguration : spring.jpa.open-in-view is enabled by default. Therefore, database queries may be performed during view rendering. Explicitly configure spring.jpa.open-in-view to disable this warning
2026-08-22T16:49:33.581+08:00  INFO 140636 --- [3-JPA_Workshop] [           main] o.s.d.j.r.query.QueryEnhancerFactories   : Hibernate is in classpath; If applicable, HQL parser will be used.
2026-08-22T16:49:34.622+08:00  INFO 140636 --- [3-JPA_Workshop] [           main] sg.edu.nus.empdemo.ApplicationTests      : Started ApplicationTests in 4.716 seconds (process running for 5.683)
]]></system-out>
    <system-err><![CDATA[Mockito is currently self-attaching to enable the inline-mock-maker. This will no longer work in future releases of the JDK. Please add Mockito as an agent to your build as described in Mockito's documentation: https://javadoc.io/doc/org.mockito/mockito-core/latest/org.mockito/org/mockito/Mockito.html#0.3
WARNING: A Java agent has been loaded dynamically (C:\Users\steve\.m2\repository\net\bytebuddy\byte-buddy-agent\1.18.11\byte-buddy-agent-1.18.11.jar)
WARNING: If a serviceability tool is in use, please run with -XX:+EnableDynamicAgentLoading to hide this warning
WARNING: If a serviceability tool is not in use, please run with -Djdk.instrument.traceUsage for more information
WARNING: Dynamic loading of agents will be disallowed by default in a future release
]]></system-err>
  </testcase>
</testsuite>